<?xml version="1.0" encoding="UTF-8"?>
<testsuite xmlns:xsi="http://www.w3.org/2001/XMLSchema-instance" xsi:noNamespaceSchemaLocation="https://maven.apache.org/surefire/maven-surefire-plugin/xsd/surefire-test-report-3.0.xsd" version="3.0" name="com.example.rewards.jpa.TransactionJpaRepositoryTest" time="8.345" tests="1" errors="0" skipped="0" failures="0">
  <properties>
[...]
</properties>
  <testcase name="savesAndFindsByCustomerId_WithManyToOne" classname="com.example.rewards.jpa.TransactionJpaRepositoryTest" time="1.63">
    <system-out><![CDATA[12:24:52.557 [main] INFO org.springframework.test.context.support.AnnotationConfigContextLoaderUtils -- Could not detect default configuration classes for test class [com.example.rewards.jpa.TransactionJpaRepositoryTest]: TransactionJpaRepositoryTest does not declare any static, non-private, non-final, nested classes annotated with @Configuration.
12:24:52.776 [main] INFO org.springframework.boot.test.context.SpringBootTestContextBootstrapper -- Found @SpringBootConfiguration com.example.rewards.RewardsApplication for test class com.example.rewards.jpa.TransactionJpaRepositoryTest

  .   ____          _            __ _ _
 /\\ / ___'_ __ _ _(_)_ __  __ _ \ \ \ \
( ( )\___ | '_ | '_| | '_ \/ _` | \ \ \ \
 \\/  ___)| |_)| | | | | || (_| |  ) ) ) )
  '  |____| .__|_| |_|_| |_\__, | / / / /
 =========|_|==============|___/=/_/_/_/
 :: Spring Boot ::                (v3.2.5)

2026-03-22T12:24:53.355+05:30  INFO 9868 --- [           main] c.e.r.jpa.TransactionJpaRepositoryTest   : Starting TransactionJpaRepositoryTest using Java 17.0.12 with PID 9868 (started by csankuma in C:\Users\csankuma\Practice\springboot-rewards-api)
2026-03-22T12:24:53.358+05:30  INFO 9868 --- [           main] c.e.r.jpa.TransactionJpaRepositoryTest   : No active profile set, falling back to 1 default profile: "default"
2026-03-22T12:24:53.960+05:30  INFO 9868 --- [           main] .s.d.r.c.RepositoryConfigurationDelegate : Bootstrapping Spring Data JPA repositories in DEFAULT mode.
2026-03-22T12:24:54.052+05:30  INFO 9868 --- [           main] .s.d.r.c.RepositoryConfigurationDelegate : Finished Spring Data repository scanning in 79 ms. Found 2 JPA repository interfaces.
2026-03-22T12:24:54.126+05:30  INFO 9868 --- [           main] beddedDataSourceBeanFactoryPostProcessor : Replacing 'dataSource' DataSource bean with embedded version
2026-03-22T12:24:54.520+05:30  INFO 9868 --- [           main] o.s.j.d.e.EmbeddedDatabaseFactory        : Starting embedded database: url='jdbc:h2:mem:6c8e7079-add7-4e6a-9246-688f694c4555;DB_CLOSE_DELAY=-1;DB_CLOSE_ON_EXIT=false', username='sa'
2026-03-22T12:24:55.178+05:30  INFO 9868 --- [           main] o.hibernate.jpa.internal.util.LogHelper  : HHH000204: Processing PersistenceUnitInfo [name: default]
2026-03-22T12:24:55.384+05:30  INFO 9868 --- [           main] org.hibernate.Version                    : HHH000412: Hibernate ORM core version 6.4.4.Final
2026-03-22T12:24:55.483+05:30  INFO 9868 --- [           main] o.h.c.internal.RegionFactoryInitiator    : HHH000026: Second-level cache disabled
2026-03-22T12:24:56.024+05:30  INFO 9868 --- [           main] o.s.o.j.p.SpringPersistenceUnitInfo      : No LoadTimeWeaver setup: ignoring JPA class transformer
2026-03-22T12:24:58.194+05:30  INFO 9868 --- [           main] o.h.e.t.j.p.i.JtaPlatformInitiator       : HHH000489: No JTA platform available (set 'hibernate.transaction.jta.platform' to enable JTA platform integration)
Hibernate: create table customers (id bigint not null, email varchar(255), name varchar(100) not null, phone varchar(255), primary key (id))
Hibernate: create table transactions (id bigint not null, amount float(53) not null, txn_date date not null, customer_id bigint not null, primary key (id))
Hibernate: alter table if exists transactions add constraint FKpnnreq9lpejqyjfct60v7n7x1 foreign key (customer_id) references customers
2026-03-22T12:24:58.311+05:30  INFO 9868 --- [           main] j.LocalContainerEntityManagerFactoryBean : Initialized JPA EntityManagerFactory for persistence unit 'default'
2026-03-22T12:24:58.969+05:30  INFO 9868 --- [           main] c.e.r.jpa.TransactionJpaRepositoryTest   : Started TransactionJpaRepositoryTest in 6.07 seconds (process running for 7.555)
Hibernate: select ce1_0.id,ce1_0.email,ce1_0.name,ce1_0.phone,t1_0.customer_id,t1_0.id,t1_0.amount,t1_0.txn_date from customers ce1_0 left join transactions t1_0 on ce1_0.id=t1_0.customer_id where ce1_0.id=?
Hibernate: select te1_0.id,te1_0.amount,te1_0.customer_id,te1_0.txn_date from transactions te1_0 where te1_0.id=?
Hibernate: insert into customers (email,name,phone,id) values (?,?,?,?)
Hibernate: insert into transactions (amount,customer_id,txn_date,id) values (?,?,?,?)
Hibernate: select te1_0.id,te1_0.amount,te1_0.customer_id,te1_0.txn_date from transactions te1_0 join customers c1_0 on c1_0.id=te1_0.customer_id where c1_0.id=?
]]></system-out>
  </testcase>
</testsuite>